<html>
<head>
<title>TestNG:  Default test</title>
<link href="../testng.css" rel="stylesheet" type="text/css" />
<link href="../my-testng.css" rel="stylesheet" type="text/css" />

<style type="text/css">
.log { display: none;} 
.stack-trace { display: none;} 
</style>
<script type="text/javascript">
<!--
function flip(e) {
  current = e.style.display;
  if (current == 'block') {
    e.style.display = 'none';
    return 0;
  }
  else {
    e.style.display = 'block';
    return 1;
  }
}

function toggleBox(szDivId, elem, msg1, msg2)
{
  var res = -1;  if (document.getElementById) {
    res = flip(document.getElementById(szDivId));
  }
  else if (document.all) {
    // this is the way old msie versions work
    res = flip(document.all[szDivId]);
  }
  if(elem) {
    if(res == 0) elem.innerHTML = msg1; else elem.innerHTML = msg2;
  }

}

function toggleAllBoxes() {
  if (document.getElementsByTagName) {
    d = document.getElementsByTagName('div');
    for (i = 0; i < d.length; i++) {
      if (d[i].className == 'log') {
        flip(d[i]);
      }
    }
  }
}

// -->
</script>

</head>
<body>
<h2 align='center'>Default test</h2><table border='1' align="center">
<tr>
<td>Tests passed/Failed/Skipped:</td><td>8/2/0</td>
</tr><tr>
<td>Started on:</td><td>Thu Apr 04 14:07:55 IST 2024</td>
</tr>
<tr><td>Total time:</td><td>33 seconds (33918 ms)</td>
</tr><tr>
<td>Included groups:</td><td></td>
</tr><tr>
<td>Excluded groups:</td><td></td>
</tr>
</table><p/>
<small><i>(Hover the method name to see the test class name)</i></small><p/>
<table width='100%' border='1' class='invocation-failed'>
<tr><td colspan='4' align='center'><b>FAILED TESTS</b></td></tr>
<tr><td><b>Test method</b></td>
<td><b>Attribute(s)</b></td>
<td width="30%"><b>Exception</b></td>
<td width="10%"><b>Time (seconds)</b></td>
<td><b>Instance</b></td>
</tr>
<tr>
<td title='stepDefinitions.TestRunner.runScenario()'><b>runScenario</b><br>Test class: stepDefinitions.TestRunner<br>Test method: Runs Cucumber Scenarios<br>Parameters: "Verify that user is unable to login with invalid creds", "Achiev INT Login"</td>
<td><div><pre>java.lang.NullPointerException: Cannot invoke &quot;org.openqa.selenium.WebDriver.navigate()&quot; because &quot;this.driver&quot; is null
	at stepDefinitions.achieveLogin_PF.navigate_to_achiev_page(achieveLogin_PF.java:35)
	at ✽.navigate to Achiev page(file:///C:/Users/jasdeep.singh/JavaCucumber_2023/JavaCucumberProject/src/test/resources/Features/Hooks_Demo/AchieveLogin_Hooks.feature:15)
</pre></div><a href='#' onClick='toggleBox("stack-trace1617550648", this, "Click to show all stack frames", "Click to hide stack frames")'>Click to show all stack frames</a>
<div class='stack-trace' id='stack-trace1617550648'><pre>java.lang.NullPointerException: Cannot invoke &quot;org.openqa.selenium.WebDriver.navigate()&quot; because &quot;this.driver&quot; is null
	at stepDefinitions.achieveLogin_PF.navigate_to_achiev_page(achieveLogin_PF.java:35)
	at ✽.navigate to Achiev page(file:///C:/Users/jasdeep.singh/JavaCucumber_2023/JavaCucumberProject/src/test/resources/Features/Hooks_Demo/AchieveLogin_Hooks.feature:15)
</pre></div></td>
<td>0</td>
<td>stepDefinitions.TestRunner@8f2ef19</td></tr>
<tr>
<td title='stepDefinitions.TestRunner.runScenario()'><b>runScenario</b><br>Test class: stepDefinitions.TestRunner<br>Test method: Runs Cucumber Scenarios<br>Parameters: "Verify that user is able to login", "Achiev INT Login"</td>
<td><div><pre>java.lang.NullPointerException: Cannot invoke &quot;org.openqa.selenium.WebDriver.navigate()&quot; because &quot;this.driver&quot; is null
	at stepDefinitions.achieveLogin_PF.navigate_to_achiev_page(achieveLogin_PF.java:35)
	at ✽.navigate to Achiev page(file:///C:/Users/jasdeep.singh/JavaCucumber_2023/JavaCucumberProject/src/test/resources/Features/Hooks_Demo/AchieveLogin_Hooks.feature:4)
</pre></div><a href='#' onClick='toggleBox("stack-trace1593245055", this, "Click to show all stack frames", "Click to hide stack frames")'>Click to show all stack frames</a>
<div class='stack-trace' id='stack-trace1593245055'><pre>java.lang.NullPointerException: Cannot invoke &quot;org.openqa.selenium.WebDriver.navigate()&quot; because &quot;this.driver&quot; is null
	at stepDefinitions.achieveLogin_PF.navigate_to_achiev_page(achieveLogin_PF.java:35)
	at ✽.navigate to Achiev page(file:///C:/Users/jasdeep.singh/JavaCucumber_2023/JavaCucumberProject/src/test/resources/Features/Hooks_Demo/AchieveLogin_Hooks.feature:4)
</pre></div></td>
<td>0</td>
<td>stepDefinitions.TestRunner@8f2ef19</td></tr>
</table><p>
<table width='100%' border='1' class='invocation-passed'>
<tr><td colspan='4' align='center'><b>PASSED TESTS</b></td></tr>
<tr><td><b>Test method</b></td>
<td><b>Attribute(s)</b></td>
<td width="30%"><b>Exception</b></td>
<td width="10%"><b>Time (seconds)</b></td>
<td><b>Instance</b></td>
</tr>
<tr>
<td title='stepDefinitions.TestRunner.runScenario()'><b>runScenario</b><br>Test class: stepDefinitions.TestRunner<br>Test method: Runs Cucumber Scenarios<br>Parameters: "semple 3", "feature to Test Login fucntionality"</td>
<td></td>
<td>0</td>
<td>stepDefinitions.TestRunner@8f2ef19</td></tr>
<tr>
<td title='stepDefinitions.TestRunner.runScenario()'><b>runScenario</b><br>Test class: stepDefinitions.TestRunner<br>Test method: Runs Cucumber Scenarios<br>Parameters: "validate search functionality is working fine", "Feature test google search funtionality"</td>
<td></td>
<td>7</td>
<td>stepDefinitions.TestRunner@8f2ef19</td></tr>
<tr>
<td title='stepDefinitions.TestRunner.runScenario()'><b>runScenario</b><br>Test class: stepDefinitions.TestRunner<br>Test method: Runs Cucumber Scenarios<br>Parameters: "semple 0", "feature to Test Login fucntionality"</td>
<td></td>
<td>0</td>
<td>stepDefinitions.TestRunner@8f2ef19</td></tr>
<tr>
<td title='stepDefinitions.TestRunner.runScenario()'><b>runScenario</b><br>Test class: stepDefinitions.TestRunner<br>Test method: Runs Cucumber Scenarios<br>Parameters: "Verify that user is able to login", "Achiev INT Login"</td>
<td></td>
<td>25</td>
<td>stepDefinitions.TestRunner@8f2ef19</td></tr>
<tr>
<td title='stepDefinitions.TestRunner.runScenario()'><b>runScenario</b><br>Test class: stepDefinitions.TestRunner<br>Test method: Runs Cucumber Scenarios<br>Parameters: "semple 1", "feature to Test Login fucntionality"</td>
<td></td>
<td>0</td>
<td>stepDefinitions.TestRunner@8f2ef19</td></tr>
<tr>
<td title='stepDefinitions.TestRunner.runScenario()'><b>runScenario</b><br>Test class: stepDefinitions.TestRunner<br>Test method: Runs Cucumber Scenarios<br>Parameters: "semple 4", "feature to Test Login fucntionality"</td>
<td></td>
<td>0</td>
<td>stepDefinitions.TestRunner@8f2ef19</td></tr>
<tr>
<td title='stepDefinitions.TestRunner.runScenario()'><b>runScenario</b><br>Test class: stepDefinitions.TestRunner<br>Test method: Runs Cucumber Scenarios<br>Parameters: "check user is able to login with valid creds", "feature to Test Login fucntionality"</td>
<td></td>
<td>0</td>
<td>stepDefinitions.TestRunner@8f2ef19</td></tr>
<tr>
<td title='stepDefinitions.TestRunner.runScenario()'><b>runScenario</b><br>Test class: stepDefinitions.TestRunner<br>Test method: Runs Cucumber Scenarios<br>Parameters: "semple 2", "feature to Test Login fucntionality"</td>
<td></td>
<td>0</td>
<td>stepDefinitions.TestRunner@8f2ef19</td></tr>
</table><p>
</body>
</html>