<?xml version="1.0" encoding="UTF-8"?>
<!-- Generated by org.testng.reporters.JUnitReportReporter -->
<testsuite hostname="QT-INNO-LT0915" failures="0" tests="10" name="stepDefinitions.TestRunner" time="32.823" errors="2" timestamp="2024-04-04T14:08:30 IST" skipped="0">
  <testcase classname="stepDefinitions.TestRunner" name="runScenario" time="0.077">
    <error message="Cannot invoke &quot;org.openqa.selenium.WebDriver.navigate()&quot; because &quot;this.driver&quot; is null" type="java.lang.NullPointerException">
      <![CDATA[java.lang.NullPointerException: Cannot invoke "org.openqa.selenium.WebDriver.navigate()" because "this.driver" is null
at stepDefinitions.achieveLogin_PF.navigate_to_achiev_page(achieveLogin_PF.java:35)
at ✽.navigate to Achiev page(file:///C:/Users/jasdeep.singh/JavaCucumber_2023/JavaCucumberProject/src/test/resources/Features/Hooks_Demo/AchieveLogin_Hooks.feature:15)
]]>
    </error>
  </testcase> <!-- runScenario -->
  <system-out/>
  <testcase classname="stepDefinitions.TestRunner" name="runScenario" time="0.008"/>
  <system-out/>
  <testcase classname="stepDefinitions.TestRunner" name="runScenario" time="7.434"/>
  <system-out/>
  <testcase classname="stepDefinitions.TestRunner" name="runScenario" time="0.008"/>
  <system-out/>
  <testcase classname="stepDefinitions.TestRunner" name="runScenario" time="25.143"/>
  <system-out/>
  <testcase classname="stepDefinitions.TestRunner" name="runScenario" time="0.008"/>
  <system-out/>
  <testcase classname="stepDefinitions.TestRunner" name="runScenario" time="0.120">
    <error message="Cannot invoke &quot;org.openqa.selenium.WebDriver.navigate()&quot; because &quot;this.driver&quot; is null" type="java.lang.NullPointerException">
      <![CDATA[java.lang.NullPointerException: Cannot invoke "org.openqa.selenium.WebDriver.navigate()" because "this.driver" is null
at stepDefinitions.achieveLogin_PF.navigate_to_achiev_page(achieveLogin_PF.java:35)
at ✽.navigate to Achiev page(file:///C:/Users/jasdeep.singh/JavaCucumber_2023/JavaCucumberProject/src/test/resources/Features/Hooks_Demo/AchieveLogin_Hooks.feature:4)
]]>
    </error>
  </testcase> <!-- runScenario -->
  <system-out/>
  <testcase classname="stepDefinitions.TestRunner" name="runScenario" time="0.007"/>
  <system-out/>
  <testcase classname="stepDefinitions.TestRunner" name="runScenario" time="0.012"/>
  <system-out/>
  <testcase classname="stepDefinitions.TestRunner" name="runScenario" time="0.006"/>
  <system-out/>
</testsuite> <!-- stepDefinitions.TestRunner -->
